<?xml version="1.0" encoding="UTF-8"?>
<robot generator="Robot 3.1.2 (Python 3.8.1 on win32)" generated="20200512 23:23:32.706" rpa="false">
<suite id="s1" name="End To End" source="C:\Workspace\Robot Framework\end-to-end\tests\EndToEnd\End_To_End.robot">
<test id="s1-t1" name="Should be able to access both sites">
<kw name="Begin Web Test" library="CommonWeb" type="setup">
<kw name="Open Browser" library="SeleniumLibrary">
<doc>Opens a new browser instance to the optional ``url``.</doc>
<arguments>
<arg>about:blank</arg>
<arg>${BROWSER}</arg>
</arguments>
<msg timestamp="20200512 23:23:33.087" level="INFO">Opening browser 'chrome' to base url 'about:blank'.</msg>
<status status="PASS" starttime="20200512 23:23:33.087" endtime="20200512 23:23:38.671"></status>
</kw>
<status status="PASS" starttime="20200512 23:23:33.086" endtime="20200512 23:23:38.671"></status>
</kw>
<kw name="Go to Landing Page" library="FrontOfficeApp">
<kw name="Navigate To" library="FrontOffice.Landing">
<kw name="Go To" library="SeleniumLibrary">
<doc>Navigates the current browser window to the provided ``url``.</doc>
<arguments>
<arg>${FRONT_OFFICE_URL}</arg>
</arguments>
<msg timestamp="20200512 23:23:38.675" level="INFO">Opening url 'http://www.robotframeworktutorial.com/front-office'</msg>
<status status="PASS" starttime="20200512 23:23:38.675" endtime="20200512 23:23:45.342"></status>
</kw>
<status status="PASS" starttime="20200512 23:23:38.675" endtime="20200512 23:23:45.342"></status>
</kw>
<kw name="Verify Page Loaded" library="FrontOffice.Landing">
<kw name="Wait Until Page Contains Element" library="SeleniumLibrary">
<doc>Waits until the element ``locator`` appears on the current page.</doc>
<arguments>
<arg>${LANDING_NAVIGATION_ELEMENT}</arg>
</arguments>
<status status="PASS" starttime="20200512 23:23:45.343" endtime="20200512 23:23:45.361"></status>
</kw>
<status status="PASS" starttime="20200512 23:23:45.342" endtime="20200512 23:23:45.361"></status>
</kw>
<status status="PASS" starttime="20200512 23:23:38.673" endtime="20200512 23:23:45.361"></status>
</kw>
<kw name="Go to Landing Page" library="BackOfficeApp">
<kw name="Navigate To" library="BackOffice.Landing">
<kw name="Go To" library="SeleniumLibrary">
<doc>Navigates the current browser window to the provided ``url``.</doc>
<arguments>
<arg>${BACK_OFFICE_URL}</arg>
</arguments>
<msg timestamp="20200512 23:23:45.365" level="INFO">Opening url 'http://www.robotframeworktutorial.com/back-office'</msg>
<status status="PASS" starttime="20200512 23:23:45.365" endtime="20200512 23:23:48.270"></status>
</kw>
<status status="PASS" starttime="20200512 23:23:45.364" endtime="20200512 23:23:48.270"></status>
</kw>
<status status="PASS" starttime="20200512 23:23:45.363" endtime="20200512 23:23:48.271"></status>
</kw>
<kw name="End Web Test" library="CommonWeb" type="teardown">
<kw name="Close All Browsers" library="SeleniumLibrary">
<doc>Closes all open browsers and resets the browser cache.</doc>
<status status="PASS" starttime="20200512 23:23:48.272" endtime="20200512 23:23:50.523"></status>
</kw>
<status status="PASS" starttime="20200512 23:23:48.272" endtime="20200512 23:23:50.523"></status>
</kw>
<doc>This is test 1</doc>
<tags>
<tag>test1</tag>
</tags>
<status status="PASS" starttime="20200512 23:23:33.085" endtime="20200512 23:23:50.524" critical="yes"></status>
</test>
<doc>This is my end to end suite</doc>
<status status="PASS" starttime="20200512 23:23:32.709" endtime="20200512 23:23:50.526"></status>
</suite>
<statistics>
<total>
<stat pass="1" fail="0">Critical Tests</stat>
<stat pass="1" fail="0">All Tests</stat>
</total>
<tag>
<stat pass="1" fail="0">test1</stat>
</tag>
<suite>
<stat pass="1" fail="0" id="s1" name="End To End">End To End</stat>
</suite>
</statistics>
<errors>
</errors>
</robot>
