<?xml version="1.0" encoding="UTF-8"?>
<robot generator="Robot 3.1.2 (Python 3.8.1 on win32)" generated="20200329 16:16:50.417" rpa="false">
<suite id="s1" name="Front Office" source="C:\Workspace\Robot Framework\front-office\Tests\Front_Office.robot">
<test id="s1-t1" name="&quot;Contact&quot; page should match requirements">
<kw name="Begin Web Test" library="CommonWeb" type="setup">
<kw name="Open Browser" library="SeleniumLibrary">
<doc>Opens a new browser instance to the given ``url``.</doc>
<arguments>
<arg>about:blank</arg>
<arg>${BROWSER}</arg>
</arguments>
<msg timestamp="20200329 16:16:50.620" level="INFO">Opening browser 'chrome' to base url 'about:blank'.</msg>
<status status="PASS" starttime="20200329 16:16:50.620" endtime="20200329 16:16:55.939"></status>
</kw>
<kw name="Maximize Browser Window" library="SeleniumLibrary">
<doc>Maximizes current browser window.</doc>
<status status="PASS" starttime="20200329 16:16:55.939" endtime="20200329 16:17:00.112"></status>
</kw>
<status status="PASS" starttime="20200329 16:16:50.620" endtime="20200329 16:17:00.112"></status>
</kw>
<kw name="Go to Landing Page" library="FrontOfficeApp">
<kw name="Navigate To" library="LandingPage">
<kw name="Go To" library="SeleniumLibrary">
<doc>Navigates the active browser instance to the provided ``url``.</doc>
<arguments>
<arg>${URL}</arg>
</arguments>
<msg timestamp="20200329 16:17:00.112" level="INFO">Opening url 'http://www.robotframeworktutorial.com/front-office/'</msg>
<status status="PASS" starttime="20200329 16:17:00.112" endtime="20200329 16:17:06.648"></status>
</kw>
<status status="PASS" starttime="20200329 16:17:00.112" endtime="20200329 16:17:06.648"></status>
</kw>
<kw name="Verify Page Loaded" library="LandingPage">
<kw name="Wait Until Page Contains Element" library="SeleniumLibrary">
<doc>Waits until element ``locator`` appears on current page.</doc>
<arguments>
<arg>${LANDING_NAV_ELEMENT}</arg>
</arguments>
<status status="PASS" starttime="20200329 16:17:06.649" endtime="20200329 16:17:06.662"></status>
</kw>
<status status="PASS" starttime="20200329 16:17:06.649" endtime="20200329 16:17:06.662"></status>
</kw>
<status status="PASS" starttime="20200329 16:17:00.112" endtime="20200329 16:17:06.662"></status>
</kw>
<kw name="Go to &quot;Team&quot; Page" library="FrontOfficeApp">
<kw name="Select &quot;Team&quot; Page" library="TopNav">
<kw name="Click Element" library="SeleniumLibrary">
<doc>Click element identified by ``locator``.</doc>
<arguments>
<arg>${TOP_NAV_TEAM_LINK}</arg>
</arguments>
<msg timestamp="20200329 16:17:06.664" level="INFO">Clicking element 'css=#bs-example-navbar-collapse-1 &gt; ul &gt; li:nth-child(5) &gt; a'.</msg>
<status status="PASS" starttime="20200329 16:17:06.663" endtime="20200329 16:17:06.727"></status>
</kw>
<kw name="Sleep" library="BuiltIn">
<doc>Pauses the test executed for the given time.</doc>
<arguments>
<arg>3s</arg>
</arguments>
<msg timestamp="20200329 16:17:09.730" level="INFO">Slept 3 seconds</msg>
<status status="PASS" starttime="20200329 16:17:06.728" endtime="20200329 16:17:09.730"></status>
</kw>
<status status="PASS" starttime="20200329 16:17:06.663" endtime="20200329 16:17:09.730"></status>
</kw>
<status status="PASS" starttime="20200329 16:17:06.663" endtime="20200329 16:17:09.730"></status>
</kw>
<kw name="Validate &quot;Team&quot; Page" library="FrontOfficeApp">
<kw name="Verify Page Loaded" library="Team">
<kw name="Wait Until Page Contains Element" library="SeleniumLibrary">
<doc>Waits until element ``locator`` appears on current page.</doc>
<arguments>
<arg>${TEAM_HEADER_ELEMENT}</arg>
</arguments>
<status status="PASS" starttime="20200329 16:17:09.730" endtime="20200329 16:17:09.745"></status>
</kw>
<status status="PASS" starttime="20200329 16:17:09.730" endtime="20200329 16:17:09.745"></status>
</kw>
<kw name="Validate Page Contents" library="Team">
<kw name="Get Text" library="SeleniumLibrary">
<doc>Returns the text value of element identified by ``locator``.</doc>
<arguments>
<arg>${TEAM_HEADER_ELEMENT}</arg>
</arguments>
<assign>
<var>${ElementHeaderText}</var>
</assign>
<msg timestamp="20200329 16:17:09.761" level="INFO">${ElementHeaderText} = OUR AMAZING TEAM</msg>
<status status="PASS" starttime="20200329 16:17:09.745" endtime="20200329 16:17:09.761"></status>
</kw>
<kw name="Should Be Equal As Strings" library="BuiltIn">
<doc>Fails if objects are unequal after converting them to strings.</doc>
<arguments>
<arg>${ElementHeaderText}</arg>
<arg>Our Amazing Team</arg>
<arg>ignore_case=true</arg>
</arguments>
<status status="PASS" starttime="20200329 16:17:09.761" endtime="20200329 16:17:09.761"></status>
</kw>
<status status="PASS" starttime="20200329 16:17:09.745" endtime="20200329 16:17:09.761"></status>
</kw>
<status status="PASS" starttime="20200329 16:17:09.730" endtime="20200329 16:17:09.761"></status>
</kw>
<kw name="End Web Test" library="CommonWeb" type="teardown">
<kw name="Close Browser" library="SeleniumLibrary">
<doc>Closes the current browser.</doc>
<status status="PASS" starttime="20200329 16:17:09.761" endtime="20200329 16:17:11.963"></status>
</kw>
<status status="PASS" starttime="20200329 16:17:09.761" endtime="20200329 16:17:11.963"></status>
</kw>
<doc>Some info about the test</doc>
<tags>
<tag>Test2</tag>
</tags>
<status status="PASS" starttime="20200329 16:16:50.620" endtime="20200329 16:17:11.963" critical="yes"></status>
</test>
<status status="PASS" starttime="20200329 16:16:50.417" endtime="20200329 16:17:11.963"></status>
</suite>
<statistics>
<total>
<stat pass="1" fail="0">Critical Tests</stat>
<stat pass="1" fail="0">All Tests</stat>
</total>
<tag>
<stat pass="1" fail="0">Test2</stat>
</tag>
<suite>
<stat pass="1" fail="0" id="s1" name="Front Office">Front Office</stat>
</suite>
</statistics>
<errors>
</errors>
</robot>
